 Log file opened on 20241125T223653Z                                                                                                                                                                                                                                                
   0.00000000       0.00000000       7.68878603       8.23898125       8.76761341       9.29404068       9.20403290       9.60434246       9.99267673       10.3666210       11.3042727       11.7560596       12.2201176       12.6601658       16.1177330       16.8306427       17.5269680       18.2212849       26.5263805       27.8720188       29.1948338      -0.00000000       0.00000000    
   0.00000000       0.00000000       5.58725405       5.98201418       6.36237669       6.74285173       7.19267321       7.52713633       7.84715939       8.15759945       9.22332954       9.60918617       10.0048466       10.3764524       12.9352140       13.5451250       14.1407814       14.7343292       19.9015274       21.0226250       22.1228886       0.00000000       0.00000000    
   0.00000000       0.00000000       4.20324755       4.48165464       4.74803305       5.01689100       5.81750536       6.09608603       6.36262608       6.61713696       7.42582846       7.72898054       8.04431438       8.33554745       10.5205030       11.0304050       11.5332565       12.0315008       15.6468821       16.6204872       17.5730686       0.00000000       0.00000000    
   0.00000000       0.00000000       3.22114444       3.40994143       3.58668137       3.77070975       4.68008041       4.90286350       5.11842775       5.31952286       6.08446407       6.32205296       6.57179642       6.80225515       8.37399101       8.78407764       9.18947220       9.59261799       12.1742229       12.9865093       13.7775974       0.00000000       0.00000000    
   0.00000000       0.00000000       2.47620273       2.60205317       2.72066998       2.84414124       3.78488207       3.96161056       4.12868690       4.28370142       4.84521151       5.02212811       5.20875502       5.38091469       6.71994925       7.05467558       7.38709307       7.71480036       9.04294968       9.65787029       10.2586765       0.00000000       0.00000000    
   0.00000000       0.00000000       1.86434042       1.94661856       2.01681685       2.09669757       3.08092833       3.22131824       3.35446739       3.47796631       3.79983878       3.92340326       4.06150103       4.18269539       5.21410799       5.47112322       5.72821522       5.97813797       6.38530731       6.82988119       7.26504803       0.00000000       0.00000000    
   0.00000000       0.00000000       1.35166836       1.40006232       1.43637085       1.48235619       2.50525212       2.61416221       2.72308350       2.81509209       2.96755600       3.05475640       3.15648103       3.24371219       3.80305052       3.97514009       4.15453291       4.32429886       4.03363323       4.32745218       4.60932970       0.00000000       0.00000000    
   0.00000000       0.00000000      0.955094337      0.981708288      0.998652697       1.02043426       2.02154160       2.10624146       2.19336772       2.26115894       2.25151038       2.30720901       2.37500548       2.42830062       2.65120077       2.75781274       2.87170458       2.97594452       1.68508494       1.80639732       1.92290819       0.00000000       0.00000000    
   0.00000000       0.00000000      0.667345703      0.684278905      0.689123392      0.698804021       1.56930757       1.62738335       1.69271934       1.73871684       1.67340660       1.70488191       1.74603164       1.77509439       1.71244562       1.76815486       1.82870913       1.88443589      0.271516144      0.320001960      0.366075784       0.00000000       0.00000000    
   0.00000000       0.00000000      0.469069779      0.481162965      0.481167167      0.486007184       1.16788328       1.20175958       1.24289298       1.26710331       1.26465726       1.28160346       1.31064105       1.32759023       1.07623029       1.10528743       1.14160395       1.17066824     -0.585071087     -0.572958052     -0.558426082       0.00000000       0.00000000    
   0.00000000       0.00000000      0.326410502      0.336083651      0.333667785      0.336087555      0.851110339      0.870467424      0.894661903      0.904349983      0.984119117      0.993802011       1.01799428       1.02526033      0.660209537      0.679574251      0.698939979      0.718308806     -0.899557412     -0.892292619     -0.882609308       0.00000000       0.00000000    
   0.00000000       0.00000000      0.234529689      0.244202033      0.239367351      0.241786256      0.589963675      0.602059782      0.614156246      0.614163518      0.843859375      0.853540301      0.872893929      0.880157888      0.328884631      0.338564396      0.350662798      0.357926071     -0.822158754     -0.814894497     -0.807630420       0.00000000       0.00000000    
   0.00000000       0.00000000      0.169246867      0.174082980      0.171665743      0.171666265      0.415870547      0.420709580      0.430384755      0.425552517      0.722953081      0.732632518      0.749566495      0.756829023      0.108823471      0.113661788      0.118500069      0.118502714     -0.667379320     -0.662535846     -0.655274034       0.00000000       0.00000000    
   0.00000000       0.00000000      0.120889813      0.125725687      0.123308219      0.123308502      0.282885551      0.285304874      0.290142268      0.285308093      0.602051139      0.609311104      0.623825490      0.631086409      -1.69206727E-02  -1.45021100E-02  -1.20836804E-02  -1.20827081E-02 -0.490847588     -0.486007154     -0.486002833       0.00000000       0.00000000    
   0.00000000       0.00000000       9.18758437E-02   9.42938030E-02   9.18762311E-02   9.18764248E-02  0.198260248      0.200678870      0.203097627      0.200680643      0.466645777      0.476321936      0.485998511      0.490839511      -7.73725286E-02  -7.73724169E-02  -7.25362673E-02  -7.49537796E-02 -0.367523938     -0.365103036     -0.365100175       0.00000000       0.00000000    
   0.00000000       0.00000000       6.04443215E-02   6.28621802E-02   6.04445115E-02   6.04446083E-02  0.135396317      0.140232414      0.140232936      0.140233457      0.345750332      0.355425060      0.360264212      0.365103662      -9.42986235E-02  -9.18805227E-02  -8.70443881E-02  -9.18799490E-02 -0.253877312     -0.253875673     -0.253874034       0.00000000       0.00000000    
   0.00000000       0.00000000       4.11019847E-02   4.35198136E-02   4.11021039E-02   4.11021635E-02   8.70400444E-02   8.94580856E-02   8.94583538E-02   8.94586220E-02  0.232110485      0.236948118      0.241785914      0.241788045      -7.25369304E-02  -7.01188818E-02  -6.77007511E-02  -7.01183975E-02 -0.169249490     -0.169248551     -0.169247597       0.00000000       0.00000000    
   0.00000000       0.00000000       2.41775587E-02   2.41775755E-02   2.41776183E-02   2.41776481E-02   5.07731289E-02   5.31910434E-02   5.31911813E-02   5.31913228E-02  0.125725642      0.128144294      0.130563036      0.130563945      -3.38501520E-02  -3.14322449E-02  -3.14321630E-02  -3.14320475E-02 -0.106384493     -0.106383935     -0.106383376       0.00000000       0.00000000    
   0.00000000       0.00000000       9.67099238E-03   1.20887533E-02   9.67101287E-03   9.67102218E-03   2.41775941E-02   2.41776519E-02   2.41777096E-02   2.41777673E-02   4.35201265E-02   4.59381118E-02   4.59383205E-02   4.59385291E-02  -4.83564427E-03  -2.41782120E-03  -2.41782074E-03  -4.83563961E-03  -5.31918854E-02  -5.31916060E-02  -5.31913303E-02   0.00000000       0.00000000    
   0.00000000       0.00000000       0.00000000       0.00000000       0.00000000       0.00000000       0.00000000       0.00000000       0.00000000       0.00000000       0.00000000       0.00000000       0.00000000       0.00000000       0.00000000       0.00000000       0.00000000       0.00000000       0.00000000       0.00000000       0.00000000       0.00000000       0.00000000    
 Log file closed on 20241125T223653Z                                                                                                                                                                                                                                                
 Log file opened on 20241125T224449Z                                                                                                                                                                                                                                                
   17.1627560       22.0648212       22.1916294       30.9958591       37.7449303    
   16.9845161       21.7927952       21.9972248       30.7831364       37.4716682    
   16.8062763       21.5207672       21.8028202       30.5704117       37.1984100    
   16.6280365       21.2487411       21.6084137       30.3576870       36.9251480    
   16.4497948       20.9767132       21.4140091       30.1449623       36.6518860    
   16.2715549       20.7046871       21.2196045       29.9322376       36.3786240    
   16.0933151       20.4326591       21.0251980       29.7195129       36.1053619    
   15.9150753       20.1606331       20.8307934       29.5067883       35.8320999    
   15.7368345       19.8886051       20.6363888       29.2940636       35.5588417    
   15.5585947       19.6165791       20.4419823       29.0813408       35.2855797    
   15.3803539       19.3445511       20.2475777       28.8686161       35.0123177    
   15.2021141       19.0725250       20.0531731       28.6558914       34.7390556    
   15.0238733       18.8004971       19.8587666       28.4431667       34.4657936    
   14.8456335       18.5284691       19.6643620       28.2304420       34.1925316    
   14.6673937       18.2564430       19.4699574       28.0177174       33.9192696    
   14.4891529       17.9844151       19.2755508       27.8049927       33.6460114    
   14.3109131       17.7123890       19.0811462       27.5922699       33.3727493    
   14.1326723       17.4403610       18.8867416       27.3795452       33.0994873    
   13.9544325       17.1683350       18.6923351       27.1668205       32.8262253    
   13.7761917       16.8963070       18.4979305       26.9540958       32.5529633    
   13.5979519       16.6242809       18.3035259       26.7413712       32.2797012    
   13.4197111       16.3522530       18.1091194       26.5286465       32.0064430    
   13.2414713       16.0802269       17.9147148       26.3159218       31.7331810    
   13.0632315       15.8081989       17.7203102       26.1031990       31.4599190    
   12.8849907       15.5361719       17.5259037       25.8904743       31.1866570    
   12.7067509       15.2641449       17.3314991       25.6777496       30.9133968    
   12.5285101       14.9921179       17.1370945       25.4650249       30.6401348    
   12.3471975       14.7210884       16.9462090       25.2477837       30.3700733    
   12.1681499       14.4463081       16.7991524       24.9901733       30.1009941    
   11.9924135       14.1980667       16.6447144       24.7357941       29.8106041    
   11.8077850       13.9730558       16.4930038       24.4782887       29.4996490    
   11.6151323       13.7658062       16.3490944       24.2090321       29.1742153    
   11.4151068       13.5725822       16.2122841       23.9286728       28.8327579    
   11.2264042       13.3755789       16.0882473       23.6413822       28.4747601    
   11.0423126       13.1914740       15.9504471       23.3636017       28.1074543    
   10.8596725       13.0157986       15.8013124       23.0963192       27.7376900    
   10.6816788       12.8436518       15.6570969       22.8308163       27.3686619    
   10.5096264       12.6733427       15.5140676       22.5774136       26.9952660    
   10.3391886       12.5146980       15.3650799       22.3318958       26.6187801    
   10.1728745       12.3639498       15.2092667       22.0936947       26.2519360    
   10.0134916       12.2163324       15.0546837       21.8582535       25.8948784    
   9.85537148       12.0765610       14.9028463       21.6241436       25.5382366    
   9.70227623       11.9373617       14.7546167       21.3930931       25.1799393    
   9.55377102       11.8033657       14.6027193       21.1661358       24.8244381    
   9.40881824       11.6772537       14.4451189       20.9413624       24.4781094    
   9.26815128       11.5518408       14.2882633       20.7191620       24.1419735    
   9.13021278       11.4256554       14.1352272       20.4995346       23.8155537    
   8.99288559       11.2988262       13.9893417       20.2837811       23.4922485    
   8.85785389       11.1742954       13.8445902       20.0686932       23.1751766    
   8.72658730       11.0502901       13.7006254       19.8555241       22.8613796    
   8.59817791       10.9261169       13.5566673       19.6512928       22.5455723    
   8.47171783       10.8028135       13.4149656       19.4523621       22.2315273    
   8.34781170       10.6812449       13.2727947       19.2563000       21.9272690    
   8.22632885       10.5625792       13.1300688       19.0657940       21.6307201    
   8.10597229       10.4474201       12.9863968       18.8778114       21.3418694    
   7.98777962       10.3333035       12.8438559       18.6909199       21.0621910    
   7.87231302       10.2207050       12.7008448       18.5091057       20.7897358    
   7.75840425       10.1134291       12.5557632       18.3307209       20.5327015    
   7.64596701       10.0085344       12.4157085       18.1486225       20.2841835    
   7.53482819       9.90441990       12.2786007       17.9657955       20.0483837    
   7.42598200       9.80013657       12.1434011       17.7818489       19.8199253    
   7.32072449       9.69659138       12.0080338       17.5977364       19.5969810    
   7.21823454       9.59378433       11.8734484       17.4140644       19.3762169    
   7.11712980       9.49063396       11.7439308       17.2278442       19.1595802    
   7.01749563       9.38921547       11.6211243       17.0376949       18.9426060    
   6.91989374       9.28736687       11.5043774       16.8457375       18.7288933    
   6.82475615       9.18556309       11.3913116       16.6545238       18.5179234    
   6.73134804       9.08462715       11.2806711       16.4657440       18.3084812    
   6.64036131       8.98274231       11.1718063       16.2790489       18.1010876    
   6.55071545       8.88211346       11.0637245       16.0941353       17.8940907    
   6.46128702       8.78356075       10.9568558       15.9097462       17.6900082    
   6.37380362       8.68527031       10.8508120       15.7260551       17.4912186    
   6.28809309       8.58737087       10.7465010       15.5457487       17.2901859    
   6.20363665       8.49176502       10.6413708       15.3705988       17.0867805    
   6.11974239       8.39801884       10.5356808       15.1993065       16.8821697    
   6.03567648       8.30617523       10.4323721       15.0274563       16.6783867    
   5.95286465       8.21467972       10.3309250       14.8557854       16.4777336    
   5.87178183       8.12322903       10.2304325       14.6865425       16.2806835    
   5.79095888       8.03467560       10.1282549       14.5210257       16.0843353    
   5.71130323       7.94768047       10.0255184       14.3572006       15.8896828    
   5.63268566       7.86254454       9.92386436       14.1960649       15.6943884    
   5.55441380       7.78034878       9.82212734       14.0369673       15.4989719    
   5.47778463       7.69923544       9.72181988       13.8801260       15.3026533    
   5.40318632       7.61777735       9.62237835       13.7253218       15.1069479    
   5.32945299       7.53740072       9.52354431       13.5745468       14.9093018    
   5.25576305       7.45771694       9.42583656       13.4270630       14.7114458    
   5.18362951       7.37747192       9.33011913       13.2799292       14.5155439    
   5.11270571       7.29718494       9.23457527       13.1350918       14.3193016    
   5.04364014       7.21746159       9.13907719       12.9918585       14.1227617    
   4.97492075       7.13946724       9.04271507       12.8498392       13.9306879    
   4.90706587       7.06216574       8.94743633       12.7096395       13.7388802    
   4.84042072       6.98516703       8.85345650       12.5687943       13.5486784    
   4.77489901       6.90834236       8.76051426       12.4300718       13.3591318    
   4.71019840       6.83346319       8.66675282       12.2965431       13.1669073    
   4.64631891       6.76039982       8.57143688       12.1669540       12.9762487    
   4.58313084       6.68802834       8.47573280       12.0384912       12.7897520    
   4.52059174       6.61578751       8.38046265       11.9101171       12.6084976    
   4.45956421       6.54341793       8.28653336       11.7825670       12.4275951    
   4.39953041       6.47234535       8.19329739       11.6550636       12.2477779    
   4.33979988       6.40339041       8.09824753       11.5289450       12.0696106    
   4.28032827       6.33625126       8.00453949       11.4030457       11.8917065    
   4.22137547       6.26941490       7.91364241       11.2765446       11.7165785    
   4.16337299       6.20283842       7.82412958       11.1504774       11.5433588    
   4.10601902       6.13630581       7.73634720       11.0243702       11.3719187    
   4.04944277       6.07050848       7.64895487       10.8995190       11.2022133    
   3.99338531       6.00561905       7.56156349       10.7763567       11.0345478    
   3.93771648       5.94219923       7.47352505       10.6562233       10.8659334    
   3.88252330       5.87968683       7.38643885       10.5369577       10.6978426    
   3.82823706       5.81691551       7.30203295       10.4164829       10.5307932    
   3.77425361       5.75526857       7.21870899       10.2966166       10.3648300    
   3.72091818       5.69405365       7.13560200       10.1777887       10.1997356    
   3.66896486       5.63335800       7.05292845       10.0598717       10.0340376    
   3.61796236       5.57249069       6.97163868       9.94187069       9.86968517    
   3.56730556       5.51218462       6.89229536       9.82266045       9.70736980    
   3.51690793       5.45278692       6.81424904       9.70314980       9.54713535    
   3.46685624       5.39429617       6.73659277       9.58415890       9.38867760    
   3.41710687       5.33766413       6.65803003       9.46599197       9.23065472    
   3.36761713       5.28180981       6.57933807       9.34851742       9.07570839    
   3.31864548       5.22673368       6.50012875       9.23251438       8.92262459    
   3.27010632       5.17273760       6.41996956       9.11672878       8.77123165    
   3.22208524       5.12016773       6.33881712       9.00133324       8.62291241    
   3.17488527       5.06850576       6.25744963       8.88585281       8.47675991    
   3.12833309       5.01813984       6.17586708       8.76981068       8.33298874    
   3.08273101       4.96837950       6.09437180       8.65372753       8.19168568    
   3.03751779       4.91874838       6.01421690       8.53729916       8.05254936    
   2.99265051       4.86885881       5.93605089       8.42009449       7.91475534    
   2.94769692       4.81996298       5.85836029       8.30323792       7.77769995    
   2.90317559       4.77102423       5.78101635       8.18672752       7.64289570    
   2.85891342       4.72204304       5.70445108       8.07147312       7.50822401    
   2.81482434       4.67327738       5.62909603       7.95695496       7.37268925    
   2.77142620       4.62490129       5.55434656       7.84230804       7.23789120    
   2.72867584       4.57648182       5.48123980       7.72710085       7.10344124    
   2.68657374       4.52845192       5.41046715       7.61103153       6.96882010    
   2.64442825       4.48107004       5.34159660       7.49431515       6.83506632    
   2.60241270       4.43468142       5.27367735       7.37786007       6.70265579    
   2.56052661       4.38950300       5.20593166       7.26339531       6.57020521    
   2.51894307       4.34458399       5.13926649       7.15066147       6.43723822    
   2.47774839       4.30022621       5.07433033       7.03827572       6.30457687    
   2.43702865       4.25586891       5.01043177       6.92779350       6.17061996    
   2.39678407       4.21164179       4.94713879       6.81826353       6.03653526    
   2.35761929       4.16711235       4.88453722       6.70981550       5.90232277    
   2.31880021       4.12327433       4.82254124       6.60340118       5.76677275    
   2.28024030       4.08055925       4.76054573       6.49789572       5.63105106    
   2.24219871       4.03806067       4.69906950       6.39498520       5.49295330    
   2.20428681       3.99625349       4.63806868       6.29246473       5.35455418    
   2.16693640       3.95487857       4.57663679       6.19089603       5.21572447    
   2.12975883       3.91367626       4.51555061       6.09079838       5.07672358    
   2.09305644       3.87247443       4.45468092       5.99234438       4.93850374    
   2.05704498       3.83071136       4.39493465       5.89440966       4.80050182    
   2.02150869       3.78916430       4.33531857       5.79794550       4.66258860    
   1.98618841       3.74826550       4.27609158       5.70299530       4.52450466    
   1.95147276       3.70732355       4.21746969       5.60999107       4.38547134    
   1.91727531       3.66694331       4.15928030       5.51828432       4.24501276    
   1.88342345       3.62738371       4.10182619       5.42606068       4.10494518    
   1.84965801       3.58834291       4.04463148       5.33396721       3.96626329    
   1.81615186       3.54951787       3.98812842       5.24252272       3.82771277    
   1.78372514       3.51077962       3.93158269       5.15263510       3.68899131    
   1.75242126       3.47195554       3.87499380       5.06382895       3.55109358    
   1.72163558       3.43373585       3.82000422       4.97428942       3.41458178    
   1.69102275       3.39668274       3.76536059       4.88501024       3.27967215    
   1.66097116       3.36010480       3.71153831       4.79620695       3.14593220    
   1.63126516       3.32339716       3.65892577       4.70714569       3.01452923    
   1.60160244       3.28647399       3.60717726       4.61851740       2.88585234    
   1.57254422       3.24924850       3.55573153       4.53014851       2.76055002    
   1.54396105       3.21223903       3.50428581       4.44290400       2.63767099    
   1.51555061       3.17557526       3.45387721       4.35617876       2.51583171    
   1.48770165       3.13912773       3.40416026       4.27131319       2.39503288    
   1.46002543       3.10306883       3.35465932       4.18774414       2.27566266    
   1.43295372       3.06718302       3.30550456       4.10486794       2.15785074    
   1.40674555       3.03112435       3.25699782       4.02268362       2.04280829    
   1.38088298       2.99519563       3.20887995       3.94171000       1.93027532    
   1.35553861       2.95905113       3.16149688       3.86177421       1.82051158    
   1.33114409       2.92269063       3.11484838       3.78261685       1.71299791    
   1.30748367       2.88633060       3.06858873       3.70428157       1.60942054    
   1.28386652       2.85005689       3.02306366       3.62633538       1.51051402    
   1.26055169       2.81399941       2.97784114       3.54925418       1.41498125    
   1.23771179       2.77824426       2.93322372       3.47342682       1.32109308    
   1.21530366       2.74296427       2.88877940       3.39889669       1.23079479    
   1.19337058       2.70768428       2.84468055       3.32553339       1.14585876    
   1.17165339       2.67279315       2.80071187       3.25299168       1.06628466    
   1.15019524       2.63833404       2.75730467       3.18114209      0.991034508    
   1.12886667       2.60413408       2.71497774       3.11020064      0.917341828    
   1.10788369       2.57006383       2.67342830       3.04033995      0.845076740    
   1.08741868       2.53633904       2.63244081       2.97121453      0.774455249    
   1.06747186       2.50295997       2.59188533       2.90377498      0.703618884    
   1.04774106       2.47018552       2.55228043       2.83707070      0.632437706    
   1.02826917       2.43762708       2.51384187       2.77041006      0.562899828    
   1.00931549       2.40524173       2.47587848       2.70461440      0.496734351    
  0.990664065       2.37311530       2.43834734       2.64115214      0.431694001    
  0.972358108       2.34111857       2.40168023       2.58019662      0.367087275    
  0.954224825       2.30955362       2.36592031       2.52040815      0.304340124    
  0.936005235       2.27867985       2.33093786       2.46148443      0.242328584    
  0.918217421       2.24789238       2.29643083       2.40338182      0.180749953    
  0.900818169       2.21706176       2.26248527       2.34635997      0.122024514    
  0.883937120       2.18627453       2.22918773       2.29098010       6.50720075E-02
  0.867401421       2.15561700       2.19619274       2.23685360       1.05403773E-02
  0.851556599       2.12470055       2.16354346       2.18475795      -4.14406210E-02
  0.836186707       2.09348202       2.13145542       2.13417459      -9.20380577E-02
  0.821248591       2.06217694       2.09954047       2.08536267     -0.141640887    
  0.806569576       2.03095841       2.06892133       2.03715611     -0.189384893    
  0.792063236       1.99999905       2.03925228       1.98977077     -0.236523315    
  0.777686417       1.96942842       2.01023149       1.94355226     -0.283963561    
  0.763439178       1.93907380       1.98229027       1.89785242     -0.330366194    
  0.749321461       1.90880549       1.95495379       1.85262811     -0.374651134    
  0.735333323       1.87871003       1.92817891       1.80891609     -0.416774958    
  0.721647382       1.84865773       1.90209508       1.76688910     -0.456392080    
  0.708263695       1.81860566       1.87665904       1.72637415     -0.494064331    
  0.695182204       1.78894222       1.85182786       1.68594611     -0.528582215    
  0.682489336       1.75940835       1.82764459       1.64512944     -0.560032427    
  0.670098662       1.73052227       1.80328870       1.60517693     -0.589149296    
  0.658096611       1.70185232       1.77936471       1.56557024     -0.616667390    
  0.646310389       1.67339814       1.75595903       1.52656853     -0.641809165    
  0.634567380       1.64528954       1.73298538       1.48851728     -0.664272130    
  0.622910738       1.61761284       1.71044362       1.45141661     -0.684574902    
  0.611383557       1.59049737       1.68850648       1.41513693     -0.703408659    
  0.600029171       1.56368434       1.66687179       1.37915981     -0.720557570    
  0.588804245       1.53786445       1.64502132       1.34365797     -0.736280739    
  0.577665746       1.51290822       1.62330055       1.31044567     -0.753429174    
  0.567045271       1.48816788       1.60201180       1.27852929     -0.771398067    
  0.556597531       1.46390271       1.58124125       1.24752033     -0.788502812    
  0.546452045       1.43968070       1.56077302       1.21759117     -0.803965986    
  0.536522388       1.41567457       1.54082322       1.18792129     -0.818262756    
  0.526851773       1.39179814       1.52195287       1.15812218     -0.830313385    
  0.517310739       1.36818075       1.50411916       1.12871206     -0.841284037    
  0.508028686       1.34456336       1.48706269       1.10029542     -0.851347506    
  0.498962551       1.32098925       1.47074032       1.07261324     -0.860503852    
  0.490069091       1.29793334       1.45454764       1.04536307     -0.868839502    
  0.481261998       1.27543879       1.43870044       1.01850176     -0.876484036    
  0.472498089       1.25359190       1.42332828      0.991510987     -0.883005619    
  0.463863701       1.23213363       1.40869033      0.964261413     -0.888145089    
  0.455488324       1.21084821       1.39444101      0.936839163     -0.890693188    
  0.447587878       1.18960595       1.38040769      0.909892082     -0.891902447    
  0.439946473       1.16862273       1.36646080      0.883377016     -0.891902447    
  0.432434589       1.14789879       1.35260022      0.857725799     -0.890995502    
  0.425009072       1.12799513       1.33869660      0.832679331     -0.889311254    
  0.417669892       1.10848010       1.32535446      0.807589769     -0.887411058    
  0.410589755       1.08892190       1.31313491      0.782327712     -0.885381281    
  0.403768629       1.06914783       1.30195165      0.756893098     -0.883006096    
  0.397033870       1.04928756       1.29158890      0.731674552     -0.879551291    
  0.390385479       1.02964306       1.28139889      0.707017481     -0.875448763    
  0.383909762       1.01038730       1.27151108      0.682705998     -0.871346235    
  0.377736270      0.991433740       1.26170981      0.659474254     -0.867286921    
  0.371692270      0.972955167       1.25203800      0.636976779     -0.863227665    
  0.365648299      0.954822063       1.24314344      0.614306688     -0.858909369    
  0.359647512      0.936861634       1.23506927      0.591377676     -0.854029715    
  0.353689879      0.919030786       1.22738385      0.568448722     -0.848329544    
  0.347861797      0.901458979       1.21930969      0.546642542     -0.842586279    
  0.341990501      0.884146273       1.21106291      0.526088715     -0.837274909    
  0.336162418      0.867351651       1.20255709      0.506009936     -0.831704438    
  0.330420673      0.851118386       1.19383550      0.485931247     -0.825615823    
  0.324678928      0.835230529       1.18545926      0.465852588     -0.819138587    
  0.319023520      0.819774389       1.17691028      0.446119487     -0.812056899    
  0.313454479      0.805009127       1.16797280      0.427206844     -0.805406988    
  0.307928592      0.790502846       1.15886271      0.409460157     -0.799059451    
  0.302532226      0.776039839       1.14945030      0.392663479     -0.792798281    
  0.297222227      0.761792719       1.14016747      0.375823647     -0.785716772    
  0.292084903      0.747934163       1.13127327      0.358508915     -0.777857959    
  0.287033916      0.734377861       1.12255180      0.341194272     -0.769481122    
  0.282069296      0.721037447       1.11383033      0.324397802     -0.761277020    
  0.277191013      0.708042383       1.10510886      0.308033198     -0.753072917    
  0.272355884      0.695220113       1.09656012      0.292100430     -0.744782507    
  0.267563939      0.682484150       1.08818424      0.276210904     -0.735930860    
  0.262901515      0.669705033       1.08002412      0.260710001     -0.726776958    
  0.258368611      0.657055497       1.07186401      0.245943204     -0.717882216    
  0.253965229      0.644535422       1.06370389      0.231565043     -0.708987474    
  0.249734521      0.632058620       1.05567336      0.217359632     -0.699920058    
  0.245590165      0.619884014       1.04755652      0.203499690     -0.690895855    
  0.241445795      0.607925236       1.03939652      0.190546528     -0.682433009    
  0.237344623      0.596182406       1.03110695      0.177852452     -0.673754334    
  0.233459294      0.584439576       1.02273107      0.165590182     -0.664902925    
  0.229573965      0.572955787       1.01426888      0.153543815     -0.655835688    
  0.225818142      0.561428845       1.00597942      0.141454294     -0.646379888    
  0.222105503      0.550074637      0.997646809      0.129537508     -0.636751413    
  0.218436047      0.538936257      0.989184618      0.118009344     -0.627252519    
  0.214852914      0.527970552      0.980765641      0.106783442     -0.617926359    
  0.211269796      0.517350316      0.972346723       9.57302749E-02 -0.608600199    
  0.207686678      0.506945908      0.963755071       8.50657225E-02 -0.599187732    
  0.204146728      0.496757358      0.954990745       7.49624819E-02 -0.589602590    
  0.200649947      0.486741543      0.946226418       6.53773919E-02 -0.580147028    
  0.197196350      0.476941586      0.937375784       5.61809093E-02 -0.570820987    
  0.193872258      0.467443854      0.928438842       4.71571498E-02 -0.561624527    
  0.190634504      0.458205163      0.919458747       3.82629447E-02 -0.552643955    
  0.187483102      0.449225485      0.910435438       2.97141708E-02 -0.544095218    
  0.184374869      0.440634400      0.901196361       2.19425876E-02 -0.536237299    
  0.181309804      0.432345539      0.891741395       1.46027766E-02 -0.528681576    
  0.178244740      0.424272507      0.882286429       7.52203586E-03 -0.521341801    
  0.175309181      0.416415364      0.872745156       9.16242832E-04 -0.514390647    
  0.172459975      0.408774078      0.863074362      -5.30095864E-03 -0.507568955    
  0.169783458      0.401219159      0.853360415      -1.14317983E-02 -0.500574648    
  0.167193264      0.393707424      0.843819201      -1.74330994E-02 -0.493839383    
  0.164603084      0.386368364      0.834277987      -2.32185163E-02 -0.487276852    
  0.162099242      0.379158825      0.824650407      -2.88743991E-02 -0.480541617    
  0.159638569      0.372121990      0.814936578      -3.44870985E-02 -0.473547369    
  0.157221064      0.365214676      0.805093169      -3.99270952E-02 -0.466423601    
  0.154933080      0.358436853      0.795163453      -4.52375561E-02 -0.459343016    
  0.152645096      0.351874918      0.785147429      -5.03753126E-02 -0.452391952    
  0.150400266      0.345399320      0.775217712      -5.53403609E-02 -0.445570439    
  0.148198619      0.339010090      0.765374362      -6.00895286E-02 -0.438921660    
  0.145996973      0.332707196      0.755574226      -6.46659881E-02 -0.432316035    
  0.143795326      0.326620132      0.745817304      -6.90697432E-02 -0.425796807    
  0.141593695      0.320576280      0.736146688      -7.31712729E-02 -0.419407070    
  0.139348879      0.314705104      0.726519227      -7.71432742E-02 -0.412974209    
  0.137104064      0.308877081      0.716891825      -8.09425712E-02 -0.406282306    
  0.134816080      0.303092241      0.707264423      -8.44828263E-02 -0.399504095    
  0.132528096      0.297350585      0.697680175      -8.78072008E-02 -0.392812222    
  0.130283296      0.291695267      0.688182294      -9.08725336E-02 -0.386293054    
  0.128038481      0.286169469      0.678641260      -9.35061201E-02 -0.380076140    
  0.125793681      0.280816346      0.669100225      -9.59670097E-02 -0.374075085    
  0.123592041      0.275506407      0.659602404      -9.83415470E-02 -0.368030846    
  0.121304065      0.270325989      0.650190949     -0.100586563     -0.362073004    
  0.119016089      0.265145570      0.640908957     -0.102658875     -0.356201500    
  0.116684943      0.260051489      0.631713331     -0.104644842     -0.350243658    
  0.114353806      0.255086929      0.622431397     -0.106458120     -0.344199479    
  0.112022668      0.250122339      0.613235831     -0.108228214     -0.338025808    
  0.109691523      0.245244130      0.604040205     -0.109825619     -0.331808954    
  0.107360385      0.240538597      0.594844639     -0.111293502     -0.325592130    
  0.105072416      0.235919401      0.585778594     -0.112890899     -0.319245785    
  0.102784447      0.231429711      0.576669395     -0.114315607     -0.312942624    
  0.100496486      0.226983204      0.567646503     -0.115524441     -0.306769013    
   9.82516855E-02  0.222579867      0.558839500     -0.116646931     -0.300768077    
   9.60500613E-02  0.218219712      0.550162077     -0.117683075     -0.294853508    
   9.38916057E-02  0.213902727      0.541527748     -0.118460186     -0.289154828    
   9.17763188E-02  0.209715247      0.532807171     -0.119064599     -0.283628821    
   8.97042006E-02  0.205614105      0.524043381     -0.119366802     -0.278275490    
   8.76752511E-02  0.201599315      0.515322745     -0.119582668     -0.272922218    
   8.57326463E-02  0.197584525      0.506602168     -0.119755358     -0.267482579    
   8.40058848E-02  0.193440244      0.497924745     -0.119841702     -0.262086123    
   8.22791234E-02  0.189339116      0.489247322     -0.119841702     -0.256732821    
   8.05523694E-02  0.185324341      0.480569929     -0.119712181     -0.251465917    
   7.89119452E-02  0.181309566      0.471935689     -0.119496323     -0.246242151    
   7.72715285E-02  0.177294791      0.463344634     -0.119064599     -0.241104752    
   7.56311044E-02  0.173323184      0.454753608     -0.118546538     -0.235837847    
   7.39906877E-02  0.169351578      0.446205735     -0.117855787     -0.230570957    
   7.23502710E-02  0.165509492      0.437657863     -0.117078692     -0.225433573    
   7.08393604E-02  0.161624238      0.429196358     -0.116301596     -0.220382541    
   6.93284497E-02  0.157911673      0.420691699     -0.115481332     -0.215374693    
   6.78607151E-02  0.154199094      0.412230194     -0.114574723     -0.210410029    
   6.63929731E-02  0.150529698      0.403811902     -0.113452263     -0.205618039    
   6.49684072E-02  0.146903470      0.395393580     -0.112113938     -0.200998753    
   6.35870025E-02  0.143320411      0.386932105     -0.110602938     -0.196465805    
   6.22056052E-02  0.139737368      0.378600150     -0.109135099     -0.191889703    
   6.08242042E-02  0.136197478      0.370311379     -0.107494585     -0.187443107    
   5.94859757E-02  0.132743940      0.362022609     -0.105724551     -0.183169201    
   5.81477433E-02  0.129419908      0.353777021     -0.103868186     -0.179067984    
   5.68526834E-02  0.126225382      0.345488250     -0.101968646     -0.175053120    
   5.55576235E-02  0.123160370      0.337156355      -9.99827683E-02 -0.171038255    
   5.42625636E-02  0.120138526      0.328824431      -9.79537144E-02 -0.167066559    
   5.29243350E-02  0.117159851      0.320535690      -9.59246680E-02 -0.163008541    
   5.15861064E-02  0.114224352      0.312290132      -9.38092768E-02 -0.159036845    
   5.02910502E-02  0.111288853      0.304044574      -9.16075483E-02 -0.155021995    
   4.89528216E-02  0.108396523      0.295885384      -8.94489884E-02 -0.150963992    
   4.76577654E-02  0.105504192      0.287812501      -8.72040987E-02 -0.147035480    
   4.63627093E-02  0.102611862      0.279782832      -8.48728567E-02 -0.143193319    
   4.50244844E-02   9.97627079E-02  0.271839470      -8.24984536E-02 -0.139437512    
   4.37294282E-02   9.69135538E-02  0.263939321      -8.00377131E-02 -0.135768041    
   4.23912033E-02   9.41507369E-02  0.256039143      -7.76201412E-02 -0.132098570    
   4.10961471E-02   9.13879201E-02  0.248182163      -7.52025694E-02 -0.128429115    
   3.98442633E-02   8.86682719E-02  0.240325183      -7.26986602E-02 -0.124845989    
   3.85923758E-02   8.60349685E-02  0.232511386      -7.01084137E-02 -0.121392384    
   3.73404920E-02   8.34448338E-02  0.224697590      -6.73886538E-02 -0.118025124    
   3.61317731E-02   8.08546990E-02  0.216883793      -6.45393878E-02 -0.114701033    
   3.49662267E-02   7.83077404E-02  0.209113181      -6.16901182E-02 -0.111376949    
   3.38438489E-02   7.57607743E-02  0.201472074      -5.88408597E-02 -0.108139202    
   3.27214710E-02   7.32569844E-02  0.193874151      -5.59484288E-02 -0.105030976    
   3.16422582E-02   7.07531944E-02  0.186362579      -5.30991741E-02 -0.101922743    
   3.06062195E-02   6.82062358E-02  0.179066852      -5.04226014E-02  -9.87713486E-02
   2.96133477E-02   6.57024458E-02  0.171771139      -4.77460325E-02  -9.55767855E-02
   2.85773072E-02   6.32418245E-02  0.164561763      -4.51126359E-02  -9.23822224E-02
   2.75844354E-02   6.08675480E-02  0.157352403      -4.25655805E-02  -8.91876668E-02
   2.65915655E-02   5.85364364E-02  0.150272548      -4.01048698E-02  -8.59931037E-02
   2.55986936E-02   5.62484972E-02  0.143322214      -3.77305038E-02  -8.27553794E-02
   2.45626550E-02   5.40468954E-02  0.136328712      -3.53129655E-02  -7.95176625E-02
   2.35697851E-02   5.18452935E-02  0.129335210      -3.28954309E-02  -7.62799382E-02
   2.26200838E-02   4.96436954E-02  0.122298546      -3.03483848E-02  -7.30422214E-02
   2.16703825E-02   4.74852622E-02  0.115607247      -2.80603636E-02  -6.98476732E-02
   2.06775125E-02   4.53268327E-02  0.109174974      -2.59018578E-02  -6.67394698E-02
   1.96846444E-02   4.32115719E-02  0.102829039      -2.37865224E-02  -6.37176037E-02
   1.87349431E-02   4.10963111E-02   9.66989622E-02  -2.18007006E-02  -6.07389137E-02
   1.77852418E-02   3.90242226E-02   9.06552300E-02  -1.98148806E-02  -5.78033924E-02
   1.67923737E-02   3.69952992E-02   8.46978426E-02  -1.77858919E-02  -5.49542122E-02
   1.58858430E-02   3.49232107E-02   7.88699612E-02  -1.57137364E-02  -5.21913767E-02
   1.49793113E-02   3.28942910E-02   7.32579380E-02  -1.38142621E-02  -4.94285412E-02
   1.40727805E-02   3.08653712E-02   6.80344477E-02  -1.22601502E-02  -4.67088744E-02
   1.31662497E-02   2.88796220E-02   6.29404709E-02  -1.08355479E-02  -4.39460427E-02
   1.22597190E-02   2.68938728E-02   5.79760000E-02  -9.49728675E-03  -4.11832109E-02
   1.13531891E-02   2.49512922E-02   5.30547053E-02  -8.15902650E-03  -3.84203829E-02
   1.04466584E-02   2.30518803E-02   4.82197478E-02  -6.82076719E-03  -3.57438922E-02
   9.58329719E-03   2.11524703E-02   4.36438173E-02  -5.69835771E-03  -3.30674089E-02
   8.71993508E-03   1.92962289E-02   3.91973928E-02  -4.70545795E-03  -3.03045847E-02
   7.85657391E-03   1.74399894E-02   3.50963287E-02  -3.92840710E-03  -2.75417641E-02
   6.99321320E-03   1.56700853E-02   3.11679468E-02  -3.32403486E-03  -2.47789454E-02
   6.17302023E-03   1.39001831E-02   2.73259040E-02  -2.76283245E-03  -2.20161285E-02
   5.39599592E-03   1.21302819E-02   2.36133728E-02  -2.24480033E-03  -1.93396527E-02
   4.57580388E-03   1.03603816E-02   2.01166887E-02  -1.89944578E-03  -1.66200083E-02
   3.79877980E-03   8.59048124E-03   1.67495143E-02  -1.64043007E-03  -1.39003657E-02
   2.97858822E-03   6.86374959E-03   1.33391712E-02  -1.29507598E-03  -1.11807259E-02
   2.20156508E-03   5.13701933E-03   9.92882997E-03  -9.06552945E-04  -8.41791928E-03
   1.42454181E-03   3.45345796E-03   6.51849108E-03  -5.18030080E-04  -5.65511361E-03
   7.33854773E-04   1.72672875E-03   3.23766074E-03  -2.59014982E-04  -2.84914044E-03
   0.00000000       0.00000000       0.00000000       0.00000000       0.00000000    
 Log file closed on 20241125T224449Z                                                                                                                                                                                                                                                
 Log file opened on 20241125T224516Z                                                                                                                                                                                                                                                
   17.1627560       22.0648212       22.1916294       30.9958591       37.7449303    
   16.9845161       21.7927952       21.9972248       30.7831364       37.4716682    
   16.8062763       21.5207672       21.8028202       30.5704117       37.1984100    
   16.6280365       21.2487411       21.6084137       30.3576870       36.9251480    
   16.4497948       20.9767132       21.4140091       30.1449623       36.6518860    
   16.2715549       20.7046871       21.2196045       29.9322376       36.3786240    
   16.0933151       20.4326591       21.0251980       29.7195129       36.1053619    
   15.9150753       20.1606331       20.8307934       29.5067883       35.8320999    
   15.7368345       19.8886051       20.6363888       29.2940636       35.5588417    
   15.5585947       19.6165791       20.4419823       29.0813408       35.2855797    
   15.3803539       19.3445511       20.2475777       28.8686161       35.0123177    
   15.2021141       19.0725250       20.0531731       28.6558914       34.7390556    
   15.0238733       18.8004971       19.8587666       28.4431667       34.4657936    
   14.8456335       18.5284691       19.6643620       28.2304420       34.1925316    
   14.6673937       18.2564430       19.4699574       28.0177174       33.9192696    
   14.4891529       17.9844151       19.2755508       27.8049927       33.6460114    
   14.3109131       17.7123890       19.0811462       27.5922699       33.3727493    
   14.1326723       17.4403610       18.8867416       27.3795452       33.0994873    
   13.9544325       17.1683350       18.6923351       27.1668205       32.8262253    
   13.7761917       16.8963070       18.4979305       26.9540958       32.5529633    
   13.5979519       16.6242809       18.3035259       26.7413712       32.2797012    
   13.4197111       16.3522530       18.1091194       26.5286465       32.0064430    
   13.2414713       16.0802269       17.9147148       26.3159218       31.7331810    
   13.0632315       15.8081989       17.7203102       26.1031990       31.4599190    
   12.8849907       15.5361719       17.5259037       25.8904743       31.1866570    
   12.7067509       15.2641449       17.3314991       25.6777496       30.9133968    
   12.5285101       14.9921179       17.1370945       25.4650249       30.6401348    
   12.3471975       14.7210884       16.9462090       25.2477837       30.3700733    
   12.1681499       14.4463081       16.7991524       24.9901733       30.1009941    
   11.9924135       14.1980667       16.6447144       24.7357941       29.8106041    
   11.8077850       13.9730558       16.4930038       24.4782887       29.4996490    
   11.6151323       13.7658062       16.3490944       24.2090321       29.1742153    
   11.4151068       13.5725822       16.2122841       23.9286728       28.8327579    
   11.2264042       13.3755789       16.0882473       23.6413822       28.4747601    
   11.0423126       13.1914740       15.9504471       23.3636017       28.1074543    
   10.8596725       13.0157986       15.8013124       23.0963192       27.7376900    
   10.6816788       12.8436518       15.6570969       22.8308163       27.3686619    
   10.5096264       12.6733427       15.5140676       22.5774136       26.9952660    
   10.3391886       12.5146980       15.3650799       22.3318958       26.6187801    
   10.1728745       12.3639498       15.2092667       22.0936947       26.2519360    
   10.0134916       12.2163324       15.0546837       21.8582535       25.8948784    
   9.85537148       12.0765610       14.9028463       21.6241436       25.5382366    
   9.70227623       11.9373617       14.7546167       21.3930931       25.1799393    
   9.55377102       11.8033657       14.6027193       21.1661358       24.8244381    
   9.40881824       11.6772537       14.4451189       20.9413624       24.4781094    
   9.26815128       11.5518408       14.2882633       20.7191620       24.1419735    
   9.13021278       11.4256554       14.1352272       20.4995346       23.8155537    
   8.99288559       11.2988262       13.9893417       20.2837811       23.4922485    
   8.85785389       11.1742954       13.8445902       20.0686932       23.1751766    
   8.72658730       11.0502901       13.7006254       19.8555241       22.8613796    
   8.59817791       10.9261169       13.5566673       19.6512928       22.5455723    
   8.47171783       10.8028135       13.4149656       19.4523621       22.2315273    
   8.34781170       10.6812449       13.2727947       19.2563000       21.9272690    
   8.22632885       10.5625792       13.1300688       19.0657940       21.6307201    
   8.10597229       10.4474201       12.9863968       18.8778114       21.3418694    
   7.98777962       10.3333035       12.8438559       18.6909199       21.0621910    
   7.87231302       10.2207050       12.7008448       18.5091057       20.7897358    
   7.75840425       10.1134291       12.5557632       18.3307209       20.5327015    
   7.64596701       10.0085344       12.4157085       18.1486225       20.2841835    
   7.53482819       9.90441990       12.2786007       17.9657955       20.0483837    
   7.42598200       9.80013657       12.1434011       17.7818489       19.8199253    
   7.32072449       9.69659138       12.0080338       17.5977364       19.5969810    
   7.21823454       9.59378433       11.8734484       17.4140644       19.3762169    
   7.11712980       9.49063396       11.7439308       17.2278442       19.1595802    
   7.01749563       9.38921547       11.6211243       17.0376949       18.9426060    
   6.91989374       9.28736687       11.5043774       16.8457375       18.7288933    
   6.82475615       9.18556309       11.3913116       16.6545238       18.5179234    
   6.73134804       9.08462715       11.2806711       16.4657440       18.3084812    
   6.64036131       8.98274231       11.1718063       16.2790489       18.1010876    
   6.55071545       8.88211346       11.0637245       16.0941353       17.8940907    
   6.46128702       8.78356075       10.9568558       15.9097462       17.6900082    
   6.37380362       8.68527031       10.8508120       15.7260551       17.4912186    
   6.28809309       8.58737087       10.7465010       15.5457487       17.2901859    
   6.20363665       8.49176502       10.6413708       15.3705988       17.0867805    
   6.11974239       8.39801884       10.5356808       15.1993065       16.8821697    
   6.03567648       8.30617523       10.4323721       15.0274563       16.6783867    
   5.95286465       8.21467972       10.3309250       14.8557854       16.4777336    
   5.87178183       8.12322903       10.2304325       14.6865425       16.2806835    
   5.79095888       8.03467560       10.1282549       14.5210257       16.0843353    
   5.71130323       7.94768047       10.0255184       14.3572006       15.8896828    
   5.63268566       7.86254454       9.92386436       14.1960649       15.6943884    
   5.55441380       7.78034878       9.82212734       14.0369673       15.4989719    
   5.47778463       7.69923544       9.72181988       13.8801260       15.3026533    
   5.40318632       7.61777735       9.62237835       13.7253218       15.1069479    
   5.32945299       7.53740072       9.52354431       13.5745468       14.9093018    
   5.25576305       7.45771694       9.42583656       13.4270630       14.7114458    
   5.18362951       7.37747192       9.33011913       13.2799292       14.5155439    
   5.11270571       7.29718494       9.23457527       13.1350918       14.3193016    
   5.04364014       7.21746159       9.13907719       12.9918585       14.1227617    
   4.97492075       7.13946724       9.04271507       12.8498392       13.9306879    
   4.90706587       7.06216574       8.94743633       12.7096395       13.7388802    
   4.84042072       6.98516703       8.85345650       12.5687943       13.5486784    
   4.77489901       6.90834236       8.76051426       12.4300718       13.3591318    
   4.71019840       6.83346319       8.66675282       12.2965431       13.1669073    
   4.64631891       6.76039982       8.57143688       12.1669540       12.9762487    
   4.58313084       6.68802834       8.47573280       12.0384912       12.7897520    
   4.52059174       6.61578751       8.38046265       11.9101171       12.6084976    
   4.45956421       6.54341793       8.28653336       11.7825670       12.4275951    
   4.39953041       6.47234535       8.19329739       11.6550636       12.2477779    
   4.33979988       6.40339041       8.09824753       11.5289450       12.0696106    
   4.28032827       6.33625126       8.00453949       11.4030457       11.8917065    
   4.22137547       6.26941490       7.91364241       11.2765446       11.7165785    
   4.16337299       6.20283842       7.82412958       11.1504774       11.5433588    
   4.10601902       6.13630581       7.73634720       11.0243702       11.3719187    
   4.04944277       6.07050848       7.64895487       10.8995190       11.2022133    
   3.99338531       6.00561905       7.56156349       10.7763567       11.0345478    
   3.93771648       5.94219923       7.47352505       10.6562233       10.8659334    
   3.88252330       5.87968683       7.38643885       10.5369577       10.6978426    
   3.82823706       5.81691551       7.30203295       10.4164829       10.5307932    
   3.77425361       5.75526857       7.21870899       10.2966166       10.3648300    
   3.72091818       5.69405365       7.13560200       10.1777887       10.1997356    
   3.66896486       5.63335800       7.05292845       10.0598717       10.0340376    
   3.61796236       5.57249069       6.97163868       9.94187069       9.86968517    
   3.56730556       5.51218462       6.89229536       9.82266045       9.70736980    
   3.51690793       5.45278692       6.81424904       9.70314980       9.54713535    
   3.46685624       5.39429617       6.73659277       9.58415890       9.38867760    
   3.41710687       5.33766413       6.65803003       9.46599197       9.23065472    
   3.36761713       5.28180981       6.57933807       9.34851742       9.07570839    
   3.31864548       5.22673368       6.50012875       9.23251438       8.92262459    
   3.27010632       5.17273760       6.41996956       9.11672878       8.77123165    
   3.22208524       5.12016773       6.33881712       9.00133324       8.62291241    
   3.17488527       5.06850576       6.25744963       8.88585281       8.47675991    
   3.12833309       5.01813984       6.17586708       8.76981068       8.33298874    
   3.08273101       4.96837950       6.09437180       8.65372753       8.19168568    
   3.03751779       4.91874838       6.01421690       8.53729916       8.05254936    
   2.99265051       4.86885881       5.93605089       8.42009449       7.91475534    
   2.94769692       4.81996298       5.85836029       8.30323792       7.77769995    
   2.90317559       4.77102423       5.78101635       8.18672752       7.64289570    
   2.85891342       4.72204304       5.70445108       8.07147312       7.50822401    
   2.81482434       4.67327738       5.62909603       7.95695496       7.37268925    
   2.77142620       4.62490129       5.55434656       7.84230804       7.23789120    
   2.72867584       4.57648182       5.48123980       7.72710085       7.10344124    
   2.68657374       4.52845192       5.41046715       7.61103153       6.96882010    
   2.64442825       4.48107004       5.34159660       7.49431515       6.83506632    
   2.60241270       4.43468142       5.27367735       7.37786007       6.70265579    
   2.56052661       4.38950300       5.20593166       7.26339531       6.57020521    
   2.51894307       4.34458399       5.13926649       7.15066147       6.43723822    
   2.47774839       4.30022621       5.07433033       7.03827572       6.30457687    
   2.43702865       4.25586891       5.01043177       6.92779350       6.17061996    
   2.39678407       4.21164179       4.94713879       6.81826353       6.03653526    
   2.35761929       4.16711235       4.88453722       6.70981550       5.90232277    
   2.31880021       4.12327433       4.82254124       6.60340118       5.76677275    
   2.28024030       4.08055925       4.76054573       6.49789572       5.63105106    
   2.24219871       4.03806067       4.69906950       6.39498520       5.49295330    
   2.20428681       3.99625349       4.63806868       6.29246473       5.35455418    
   2.16693640       3.95487857       4.57663679       6.19089603       5.21572447    
   2.12975883       3.91367626       4.51555061       6.09079838       5.07672358    
   2.09305644       3.87247443       4.45468092       5.99234438       4.93850374    
   2.05704498       3.83071136       4.39493465       5.89440966       4.80050182    
   2.02150869       3.78916430       4.33531857       5.79794550       4.66258860    
   1.98618841       3.74826550       4.27609158       5.70299530       4.52450466    
   1.95147276       3.70732355       4.21746969       5.60999107       4.38547134    
   1.91727531       3.66694331       4.15928030       5.51828432       4.24501276    
   1.88342345       3.62738371       4.10182619       5.42606068       4.10494518    
   1.84965801       3.58834291       4.04463148       5.33396721       3.96626329    
   1.81615186       3.54951787       3.98812842       5.24252272       3.82771277    
   1.78372514       3.51077962       3.93158269       5.15263510       3.68899131    
   1.75242126       3.47195554       3.87499380       5.06382895       3.55109358    
   1.72163558       3.43373585       3.82000422       4.97428942       3.41458178    
   1.69102275       3.39668274       3.76536059       4.88501024       3.27967215    
   1.66097116       3.36010480       3.71153831       4.79620695       3.14593220    
   1.63126516       3.32339716       3.65892577       4.70714569       3.01452923    
   1.60160244       3.28647399       3.60717726       4.61851740       2.88585234    
   1.57254422       3.24924850       3.55573153       4.53014851       2.76055002    
   1.54396105       3.21223903       3.50428581       4.44290400       2.63767099    
   1.51555061       3.17557526       3.45387721       4.35617876       2.51583171    
   1.48770165       3.13912773       3.40416026       4.27131319       2.39503288    
   1.46002543       3.10306883       3.35465932       4.18774414       2.27566266    
   1.43295372       3.06718302       3.30550456       4.10486794       2.15785074    
   1.40674555       3.03112435       3.25699782       4.02268362       2.04280829    
   1.38088298       2.99519563       3.20887995       3.94171000       1.93027532    
   1.35553861       2.95905113       3.16149688       3.86177421       1.82051158    
   1.33114409       2.92269063       3.11484838       3.78261685       1.71299791    
   1.30748367       2.88633060       3.06858873       3.70428157       1.60942054    
   1.28386652       2.85005689       3.02306366       3.62633538       1.51051402    
   1.26055169       2.81399941       2.97784114       3.54925418       1.41498125    
   1.23771179       2.77824426       2.93322372       3.47342682       1.32109308    
   1.21530366       2.74296427       2.88877940       3.39889669       1.23079479    
   1.19337058       2.70768428       2.84468055       3.32553339       1.14585876    
   1.17165339       2.67279315       2.80071187       3.25299168       1.06628466    
   1.15019524       2.63833404       2.75730467       3.18114209      0.991034508    
   1.12886667       2.60413408       2.71497774       3.11020064      0.917341828    
   1.10788369       2.57006383       2.67342830       3.04033995      0.845076740    
   1.08741868       2.53633904       2.63244081       2.97121453      0.774455249    
   1.06747186       2.50295997       2.59188533       2.90377498      0.703618884    
   1.04774106       2.47018552       2.55228043       2.83707070      0.632437706    
   1.02826917       2.43762708       2.51384187       2.77041006      0.562899828    
   1.00931549       2.40524173       2.47587848       2.70461440      0.496734351    
  0.990664065       2.37311530       2.43834734       2.64115214      0.431694001    
  0.972358108       2.34111857       2.40168023       2.58019662      0.367087275    
  0.954224825       2.30955362       2.36592031       2.52040815      0.304340124    
  0.936005235       2.27867985       2.33093786       2.46148443      0.242328584    
  0.918217421       2.24789238       2.29643083       2.40338182      0.180749953    
  0.900818169       2.21706176       2.26248527       2.34635997      0.122024514    
  0.883937120       2.18627453       2.22918773       2.29098010       6.50720075E-02
  0.867401421       2.15561700       2.19619274       2.23685360       1.05403773E-02
  0.851556599       2.12470055       2.16354346       2.18475795      -4.14406210E-02
  0.836186707       2.09348202       2.13145542       2.13417459      -9.20380577E-02
  0.821248591       2.06217694       2.09954047       2.08536267     -0.141640887    
  0.806569576       2.03095841       2.06892133       2.03715611     -0.189384893    
  0.792063236       1.99999905       2.03925228       1.98977077     -0.236523315    
  0.777686417       1.96942842       2.01023149       1.94355226     -0.283963561    
  0.763439178       1.93907380       1.98229027       1.89785242     -0.330366194    
  0.749321461       1.90880549       1.95495379       1.85262811     -0.374651134    
  0.735333323       1.87871003       1.92817891       1.80891609     -0.416774958    
  0.721647382       1.84865773       1.90209508       1.76688910     -0.456392080    
  0.708263695       1.81860566       1.87665904       1.72637415     -0.494064331    
  0.695182204       1.78894222       1.85182786       1.68594611     -0.528582215    
  0.682489336       1.75940835       1.82764459       1.64512944     -0.560032427    
  0.670098662       1.73052227       1.80328870       1.60517693     -0.589149296    
  0.658096611       1.70185232       1.77936471       1.56557024     -0.616667390    
  0.646310389       1.67339814       1.75595903       1.52656853     -0.641809165    
  0.634567380       1.64528954       1.73298538       1.48851728     -0.664272130    
  0.622910738       1.61761284       1.71044362       1.45141661     -0.684574902    
  0.611383557       1.59049737       1.68850648       1.41513693     -0.703408659    
  0.600029171       1.56368434       1.66687179       1.37915981     -0.720557570    
  0.588804245       1.53786445       1.64502132       1.34365797     -0.736280739    
  0.577665746       1.51290822       1.62330055       1.31044567     -0.753429174    
  0.567045271       1.48816788       1.60201180       1.27852929     -0.771398067    
  0.556597531       1.46390271       1.58124125       1.24752033     -0.788502812    
  0.546452045       1.43968070       1.56077302       1.21759117     -0.803965986    
  0.536522388       1.41567457       1.54082322       1.18792129     -0.818262756    
  0.526851773       1.39179814       1.52195287       1.15812218     -0.830313385    
  0.517310739       1.36818075       1.50411916       1.12871206     -0.841284037    
  0.508028686       1.34456336       1.48706269       1.10029542     -0.851347506    
  0.498962551       1.32098925       1.47074032       1.07261324     -0.860503852    
  0.490069091       1.29793334       1.45454764       1.04536307     -0.868839502    
  0.481261998       1.27543879       1.43870044       1.01850176     -0.876484036    
  0.472498089       1.25359190       1.42332828      0.991510987     -0.883005619    
  0.463863701       1.23213363       1.40869033      0.964261413     -0.888145089    
  0.455488324       1.21084821       1.39444101      0.936839163     -0.890693188    
  0.447587878       1.18960595       1.38040769      0.909892082     -0.891902447    
  0.439946473       1.16862273       1.36646080      0.883377016     -0.891902447    
  0.432434589       1.14789879       1.35260022      0.857725799     -0.890995502    
  0.425009072       1.12799513       1.33869660      0.832679331     -0.889311254    
  0.417669892       1.10848010       1.32535446      0.807589769     -0.887411058    
  0.410589755       1.08892190       1.31313491      0.782327712     -0.885381281    
  0.403768629       1.06914783       1.30195165      0.756893098     -0.883006096    
  0.397033870       1.04928756       1.29158890      0.731674552     -0.879551291    
  0.390385479       1.02964306       1.28139889      0.707017481     -0.875448763    
  0.383909762       1.01038730       1.27151108      0.682705998     -0.871346235    
  0.377736270      0.991433740       1.26170981      0.659474254     -0.867286921    
  0.371692270      0.972955167       1.25203800      0.636976779     -0.863227665    
  0.365648299      0.954822063       1.24314344      0.614306688     -0.858909369    
  0.359647512      0.936861634       1.23506927      0.591377676     -0.854029715    
  0.353689879      0.919030786       1.22738385      0.568448722     -0.848329544    
  0.347861797      0.901458979       1.21930969      0.546642542     -0.842586279    
  0.341990501      0.884146273       1.21106291      0.526088715     -0.837274909    
  0.336162418      0.867351651       1.20255709      0.506009936     -0.831704438    
  0.330420673      0.851118386       1.19383550      0.485931247     -0.825615823    
  0.324678928      0.835230529       1.18545926      0.465852588     -0.819138587    
  0.319023520      0.819774389       1.17691028      0.446119487     -0.812056899    
  0.313454479      0.805009127       1.16797280      0.427206844     -0.805406988    
  0.307928592      0.790502846       1.15886271      0.409460157     -0.799059451    
  0.302532226      0.776039839       1.14945030      0.392663479     -0.792798281    
  0.297222227      0.761792719       1.14016747      0.375823647     -0.785716772    
  0.292084903      0.747934163       1.13127327      0.358508915     -0.777857959    
  0.287033916      0.734377861       1.12255180      0.341194272     -0.769481122    
  0.282069296      0.721037447       1.11383033      0.324397802     -0.761277020    
  0.277191013      0.708042383       1.10510886      0.308033198     -0.753072917    
  0.272355884      0.695220113       1.09656012      0.292100430     -0.744782507    
  0.267563939      0.682484150       1.08818424      0.276210904     -0.735930860    
  0.262901515      0.669705033       1.08002412      0.260710001     -0.726776958    
  0.258368611      0.657055497       1.07186401      0.245943204     -0.717882216    
  0.253965229      0.644535422       1.06370389      0.231565043     -0.708987474    
  0.249734521      0.632058620       1.05567336      0.217359632     -0.699920058    
  0.245590165      0.619884014       1.04755652      0.203499690     -0.690895855    
  0.241445795      0.607925236       1.03939652      0.190546528     -0.682433009    
  0.237344623      0.596182406       1.03110695      0.177852452     -0.673754334    
  0.233459294      0.584439576       1.02273107      0.165590182     -0.664902925    
  0.229573965      0.572955787       1.01426888      0.153543815     -0.655835688    
  0.225818142      0.561428845       1.00597942      0.141454294     -0.646379888    
  0.222105503      0.550074637      0.997646809      0.129537508     -0.636751413    
  0.218436047      0.538936257      0.989184618      0.118009344     -0.627252519    
  0.214852914      0.527970552      0.980765641      0.106783442     -0.617926359    
  0.211269796      0.517350316      0.972346723       9.57302749E-02 -0.608600199    
  0.207686678      0.506945908      0.963755071       8.50657225E-02 -0.599187732    
  0.204146728      0.496757358      0.954990745       7.49624819E-02 -0.589602590    
  0.200649947      0.486741543      0.946226418       6.53773919E-02 -0.580147028    
  0.197196350      0.476941586      0.937375784       5.61809093E-02 -0.570820987    
  0.193872258      0.467443854      0.928438842       4.71571498E-02 -0.561624527    
  0.190634504      0.458205163      0.919458747       3.82629447E-02 -0.552643955    
  0.187483102      0.449225485      0.910435438       2.97141708E-02 -0.544095218    
  0.184374869      0.440634400      0.901196361       2.19425876E-02 -0.536237299    
  0.181309804      0.432345539      0.891741395       1.46027766E-02 -0.528681576    
  0.178244740      0.424272507      0.882286429       7.52203586E-03 -0.521341801    
  0.175309181      0.416415364      0.872745156       9.16242832E-04 -0.514390647    
  0.172459975      0.408774078      0.863074362      -5.30095864E-03 -0.507568955    
  0.169783458      0.401219159      0.853360415      -1.14317983E-02 -0.500574648    
  0.167193264      0.393707424      0.843819201      -1.74330994E-02 -0.493839383    
  0.164603084      0.386368364      0.834277987      -2.32185163E-02 -0.487276852    
  0.162099242      0.379158825      0.824650407      -2.88743991E-02 -0.480541617    
  0.159638569      0.372121990      0.814936578      -3.44870985E-02 -0.473547369    
  0.157221064      0.365214676      0.805093169      -3.99270952E-02 -0.466423601    
  0.154933080      0.358436853      0.795163453      -4.52375561E-02 -0.459343016    
  0.152645096      0.351874918      0.785147429      -5.03753126E-02 -0.452391952    
  0.150400266      0.345399320      0.775217712      -5.53403609E-02 -0.445570439    
  0.148198619      0.339010090      0.765374362      -6.00895286E-02 -0.438921660    
  0.145996973      0.332707196      0.755574226      -6.46659881E-02 -0.432316035    
  0.143795326      0.326620132      0.745817304      -6.90697432E-02 -0.425796807    
  0.141593695      0.320576280      0.736146688      -7.31712729E-02 -0.419407070    
  0.139348879      0.314705104      0.726519227      -7.71432742E-02 -0.412974209    
  0.137104064      0.308877081      0.716891825      -8.09425712E-02 -0.406282306    
  0.134816080      0.303092241      0.707264423      -8.44828263E-02 -0.399504095    
  0.132528096      0.297350585      0.697680175      -8.78072008E-02 -0.392812222    
  0.130283296      0.291695267      0.688182294      -9.08725336E-02 -0.386293054    
  0.128038481      0.286169469      0.678641260      -9.35061201E-02 -0.380076140    
  0.125793681      0.280816346      0.669100225      -9.59670097E-02 -0.374075085    
  0.123592041      0.275506407      0.659602404      -9.83415470E-02 -0.368030846    
  0.121304065      0.270325989      0.650190949     -0.100586563     -0.362073004    
  0.119016089      0.265145570      0.640908957     -0.102658875     -0.356201500    
  0.116684943      0.260051489      0.631713331     -0.104644842     -0.350243658    
  0.114353806      0.255086929      0.622431397     -0.106458120     -0.344199479    
  0.112022668      0.250122339      0.613235831     -0.108228214     -0.338025808    
  0.109691523      0.245244130      0.604040205     -0.109825619     -0.331808954    
  0.107360385      0.240538597      0.594844639     -0.111293502     -0.325592130    
  0.105072416      0.235919401      0.585778594     -0.112890899     -0.319245785    
  0.102784447      0.231429711      0.576669395     -0.114315607     -0.312942624    
  0.100496486      0.226983204      0.567646503     -0.115524441     -0.306769013    
   9.82516855E-02  0.222579867      0.558839500     -0.116646931     -0.300768077    
   9.60500613E-02  0.218219712      0.550162077     -0.117683075     -0.294853508    
   9.38916057E-02  0.213902727      0.541527748     -0.118460186     -0.289154828    
   9.17763188E-02  0.209715247      0.532807171     -0.119064599     -0.283628821    
   8.97042006E-02  0.205614105      0.524043381     -0.119366802     -0.278275490    
   8.76752511E-02  0.201599315      0.515322745     -0.119582668     -0.272922218    
   8.57326463E-02  0.197584525      0.506602168     -0.119755358     -0.267482579    
   8.40058848E-02  0.193440244      0.497924745     -0.119841702     -0.262086123    
   8.22791234E-02  0.189339116      0.489247322     -0.119841702     -0.256732821    
   8.05523694E-02  0.185324341      0.480569929     -0.119712181     -0.251465917    
   7.89119452E-02  0.181309566      0.471935689     -0.119496323     -0.246242151    
   7.72715285E-02  0.177294791      0.463344634     -0.119064599     -0.241104752    
   7.56311044E-02  0.173323184      0.454753608     -0.118546538     -0.235837847    
   7.39906877E-02  0.169351578      0.446205735     -0.117855787     -0.230570957    
   7.23502710E-02  0.165509492      0.437657863     -0.117078692     -0.225433573    
   7.08393604E-02  0.161624238      0.429196358     -0.116301596     -0.220382541    
   6.93284497E-02  0.157911673      0.420691699     -0.115481332     -0.215374693    
   6.78607151E-02  0.154199094      0.412230194     -0.114574723     -0.210410029    
   6.63929731E-02  0.150529698      0.403811902     -0.113452263     -0.205618039    
   6.49684072E-02  0.146903470      0.395393580     -0.112113938     -0.200998753    
   6.35870025E-02  0.143320411      0.386932105     -0.110602938     -0.196465805    
   6.22056052E-02  0.139737368      0.378600150     -0.109135099     -0.191889703    
   6.08242042E-02  0.136197478      0.370311379     -0.107494585     -0.187443107    
   5.94859757E-02  0.132743940      0.362022609     -0.105724551     -0.183169201    
   5.81477433E-02  0.129419908      0.353777021     -0.103868186     -0.179067984    
   5.68526834E-02  0.126225382      0.345488250     -0.101968646     -0.175053120    
   5.55576235E-02  0.123160370      0.337156355      -9.99827683E-02 -0.171038255    
   5.42625636E-02  0.120138526      0.328824431      -9.79537144E-02 -0.167066559    
   5.29243350E-02  0.117159851      0.320535690      -9.59246680E-02 -0.163008541    
   5.15861064E-02  0.114224352      0.312290132      -9.38092768E-02 -0.159036845    
   5.02910502E-02  0.111288853      0.304044574      -9.16075483E-02 -0.155021995    
   4.89528216E-02  0.108396523      0.295885384      -8.94489884E-02 -0.150963992    
   4.76577654E-02  0.105504192      0.287812501      -8.72040987E-02 -0.147035480    
   4.63627093E-02  0.102611862      0.279782832      -8.48728567E-02 -0.143193319    
   4.50244844E-02   9.97627079E-02  0.271839470      -8.24984536E-02 -0.139437512    
   4.37294282E-02   9.69135538E-02  0.263939321      -8.00377131E-02 -0.135768041    
   4.23912033E-02   9.41507369E-02  0.256039143      -7.76201412E-02 -0.132098570    
   4.10961471E-02   9.13879201E-02  0.248182163      -7.52025694E-02 -0.128429115    
   3.98442633E-02   8.86682719E-02  0.240325183      -7.26986602E-02 -0.124845989    
   3.85923758E-02   8.60349685E-02  0.232511386      -7.01084137E-02 -0.121392384    
   3.73404920E-02   8.34448338E-02  0.224697590      -6.73886538E-02 -0.118025124    
   3.61317731E-02   8.08546990E-02  0.216883793      -6.45393878E-02 -0.114701033    
   3.49662267E-02   7.83077404E-02  0.209113181      -6.16901182E-02 -0.111376949    
   3.38438489E-02   7.57607743E-02  0.201472074      -5.88408597E-02 -0.108139202    
   3.27214710E-02   7.32569844E-02  0.193874151      -5.59484288E-02 -0.105030976    
   3.16422582E-02   7.07531944E-02  0.186362579      -5.30991741E-02 -0.101922743    
   3.06062195E-02   6.82062358E-02  0.179066852      -5.04226014E-02  -9.87713486E-02
   2.96133477E-02   6.57024458E-02  0.171771139      -4.77460325E-02  -9.55767855E-02
   2.85773072E-02   6.32418245E-02  0.164561763      -4.51126359E-02  -9.23822224E-02
   2.75844354E-02   6.08675480E-02  0.157352403      -4.25655805E-02  -8.91876668E-02
   2.65915655E-02   5.85364364E-02  0.150272548      -4.01048698E-02  -8.59931037E-02
   2.55986936E-02   5.62484972E-02  0.143322214      -3.77305038E-02  -8.27553794E-02
   2.45626550E-02   5.40468954E-02  0.136328712      -3.53129655E-02  -7.95176625E-02
   2.35697851E-02   5.18452935E-02  0.129335210      -3.28954309E-02  -7.62799382E-02
   2.26200838E-02   4.96436954E-02  0.122298546      -3.03483848E-02  -7.30422214E-02
   2.16703825E-02   4.74852622E-02  0.115607247      -2.80603636E-02  -6.98476732E-02
   2.06775125E-02   4.53268327E-02  0.109174974      -2.59018578E-02  -6.67394698E-02
   1.96846444E-02   4.32115719E-02  0.102829039      -2.37865224E-02  -6.37176037E-02
   1.87349431E-02   4.10963111E-02   9.66989622E-02  -2.18007006E-02  -6.07389137E-02
   1.77852418E-02   3.90242226E-02   9.06552300E-02  -1.98148806E-02  -5.78033924E-02
   1.67923737E-02   3.69952992E-02   8.46978426E-02  -1.77858919E-02  -5.49542122E-02
   1.58858430E-02   3.49232107E-02   7.88699612E-02  -1.57137364E-02  -5.21913767E-02
   1.49793113E-02   3.28942910E-02   7.32579380E-02  -1.38142621E-02  -4.94285412E-02
   1.40727805E-02   3.08653712E-02   6.80344477E-02  -1.22601502E-02  -4.67088744E-02
   1.31662497E-02   2.88796220E-02   6.29404709E-02  -1.08355479E-02  -4.39460427E-02
   1.22597190E-02   2.68938728E-02   5.79760000E-02  -9.49728675E-03  -4.11832109E-02
   1.13531891E-02   2.49512922E-02   5.30547053E-02  -8.15902650E-03  -3.84203829E-02
   1.04466584E-02   2.30518803E-02   4.82197478E-02  -6.82076719E-03  -3.57438922E-02
   9.58329719E-03   2.11524703E-02   4.36438173E-02  -5.69835771E-03  -3.30674089E-02
   8.71993508E-03   1.92962289E-02   3.91973928E-02  -4.70545795E-03  -3.03045847E-02
   7.85657391E-03   1.74399894E-02   3.50963287E-02  -3.92840710E-03  -2.75417641E-02
   6.99321320E-03   1.56700853E-02   3.11679468E-02  -3.32403486E-03  -2.47789454E-02
   6.17302023E-03   1.39001831E-02   2.73259040E-02  -2.76283245E-03  -2.20161285E-02
   5.39599592E-03   1.21302819E-02   2.36133728E-02  -2.24480033E-03  -1.93396527E-02
   4.57580388E-03   1.03603816E-02   2.01166887E-02  -1.89944578E-03  -1.66200083E-02
   3.79877980E-03   8.59048124E-03   1.67495143E-02  -1.64043007E-03  -1.39003657E-02
   2.97858822E-03   6.86374959E-03   1.33391712E-02  -1.29507598E-03  -1.11807259E-02
   2.20156508E-03   5.13701933E-03   9.92882997E-03  -9.06552945E-04  -8.41791928E-03
   1.42454181E-03   3.45345796E-03   6.51849108E-03  -5.18030080E-04  -5.65511361E-03
   7.33854773E-04   1.72672875E-03   3.23766074E-03  -2.59014982E-04  -2.84914044E-03
   0.00000000       0.00000000       0.00000000       0.00000000       0.00000000    
 Log file closed on 20241125T224516Z                                                                                                                                                                                                                                                
 Log file opened on 20241125T225053Z                                                                                                                                                                                                                                                
   0.00000000       0.00000000       7.68878603       8.23898125       8.76761341       9.29404068       9.20403290       9.60434246       9.99267673       10.3666210       11.3042727       11.7560596       12.2201176       12.6601658       16.1177330       16.8306427       17.5269680       18.2212849       26.5263805       27.8720188       29.1948338      -0.00000000       0.00000000    
   0.00000000       0.00000000       5.58725405       5.98201418       6.36237669       6.74285173       7.19267321       7.52713633       7.84715939       8.15759945       9.22332954       9.60918617       10.0048466       10.3764524       12.9352140       13.5451250       14.1407814       14.7343292       19.9015274       21.0226250       22.1228886       0.00000000       0.00000000    
   0.00000000       0.00000000       4.20324755       4.48165464       4.74803305       5.01689100       5.81750536       6.09608603       6.36262608       6.61713696       7.42582846       7.72898054       8.04431438       8.33554745       10.5205030       11.0304050       11.5332565       12.0315008       15.6468821       16.6204872       17.5730686       0.00000000       0.00000000    
   0.00000000       0.00000000       3.22114444       3.40994143       3.58668137       3.77070975       4.68008041       4.90286350       5.11842775       5.31952286       6.08446407       6.32205296       6.57179642       6.80225515       8.37399101       8.78407764       9.18947220       9.59261799       12.1742229       12.9865093       13.7775974       0.00000000       0.00000000    
   0.00000000       0.00000000       2.47620273       2.60205317       2.72066998       2.84414124       3.78488207       3.96161056       4.12868690       4.28370142       4.84521151       5.02212811       5.20875502       5.38091469       6.71994925       7.05467558       7.38709307       7.71480036       9.04294968       9.65787029       10.2586765       0.00000000       0.00000000    
   0.00000000       0.00000000       1.86434042       1.94661856       2.01681685       2.09669757       3.08092833       3.22131824       3.35446739       3.47796631       3.79983878       3.92340326       4.06150103       4.18269539       5.21410799       5.47112322       5.72821522       5.97813797       6.38530731       6.82988119       7.26504803       0.00000000       0.00000000    
   0.00000000       0.00000000       1.35166836       1.40006232       1.43637085       1.48235619       2.50525212       2.61416221       2.72308350       2.81509209       2.96755600       3.05475640       3.15648103       3.24371219       3.80305052       3.97514009       4.15453291       4.32429886       4.03363323       4.32745218       4.60932970       0.00000000       0.00000000    
   0.00000000       0.00000000      0.955094337      0.981708288      0.998652697       1.02043426       2.02154160       2.10624146       2.19336772       2.26115894       2.25151038       2.30720901       2.37500548       2.42830062       2.65120077       2.75781274       2.87170458       2.97594452       1.68508494       1.80639732       1.92290819       0.00000000       0.00000000    
   0.00000000       0.00000000      0.667345703      0.684278905      0.689123392      0.698804021       1.56930757       1.62738335       1.69271934       1.73871684       1.67340660       1.70488191       1.74603164       1.77509439       1.71244562       1.76815486       1.82870913       1.88443589      0.271516144      0.320001960      0.366075784       0.00000000       0.00000000    
   0.00000000       0.00000000      0.469069779      0.481162965      0.481167167      0.486007184       1.16788328       1.20175958       1.24289298       1.26710331       1.26465726       1.28160346       1.31064105       1.32759023       1.07623029       1.10528743       1.14160395       1.17066824     -0.585071087     -0.572958052     -0.558426082       0.00000000       0.00000000    
   0.00000000       0.00000000      0.326410502      0.336083651      0.333667785      0.336087555      0.851110339      0.870467424      0.894661903      0.904349983      0.984119117      0.993802011       1.01799428       1.02526033      0.660209537      0.679574251      0.698939979      0.718308806     -0.899557412     -0.892292619     -0.882609308       0.00000000       0.00000000    
   0.00000000       0.00000000      0.234529689      0.244202033      0.239367351      0.241786256      0.589963675      0.602059782      0.614156246      0.614163518      0.843859375      0.853540301      0.872893929      0.880157888      0.328884631      0.338564396      0.350662798      0.357926071     -0.822158754     -0.814894497     -0.807630420       0.00000000       0.00000000    
   0.00000000       0.00000000      0.169246867      0.174082980      0.171665743      0.171666265      0.415870547      0.420709580      0.430384755      0.425552517      0.722953081      0.732632518      0.749566495      0.756829023      0.108823471      0.113661788      0.118500069      0.118502714     -0.667379320     -0.662535846     -0.655274034       0.00000000       0.00000000    
   0.00000000       0.00000000      0.120889813      0.125725687      0.123308219      0.123308502      0.282885551      0.285304874      0.290142268      0.285308093      0.602051139      0.609311104      0.623825490      0.631086409      -1.69206727E-02  -1.45021100E-02  -1.20836804E-02  -1.20827081E-02 -0.490847588     -0.486007154     -0.486002833       0.00000000       0.00000000    
   0.00000000       0.00000000       9.18758437E-02   9.42938030E-02   9.18762311E-02   9.18764248E-02  0.198260248      0.200678870      0.203097627      0.200680643      0.466645777      0.476321936      0.485998511      0.490839511      -7.73725286E-02  -7.73724169E-02  -7.25362673E-02  -7.49537796E-02 -0.367523938     -0.365103036     -0.365100175       0.00000000       0.00000000    
   0.00000000       0.00000000       6.04443215E-02   6.28621802E-02   6.04445115E-02   6.04446083E-02  0.135396317      0.140232414      0.140232936      0.140233457      0.345750332      0.355425060      0.360264212      0.365103662      -9.42986235E-02  -9.18805227E-02  -8.70443881E-02  -9.18799490E-02 -0.253877312     -0.253875673     -0.253874034       0.00000000       0.00000000    
   0.00000000       0.00000000       4.11019847E-02   4.35198136E-02   4.11021039E-02   4.11021635E-02   8.70400444E-02   8.94580856E-02   8.94583538E-02   8.94586220E-02  0.232110485      0.236948118      0.241785914      0.241788045      -7.25369304E-02  -7.01188818E-02  -6.77007511E-02  -7.01183975E-02 -0.169249490     -0.169248551     -0.169247597       0.00000000       0.00000000    
   0.00000000       0.00000000       2.41775587E-02   2.41775755E-02   2.41776183E-02   2.41776481E-02   5.07731289E-02   5.31910434E-02   5.31911813E-02   5.31913228E-02  0.125725642      0.128144294      0.130563036      0.130563945      -3.38501520E-02  -3.14322449E-02  -3.14321630E-02  -3.14320475E-02 -0.106384493     -0.106383935     -0.106383376       0.00000000       0.00000000    
   0.00000000       0.00000000       9.67099238E-03   1.20887533E-02   9.67101287E-03   9.67102218E-03   2.41775941E-02   2.41776519E-02   2.41777096E-02   2.41777673E-02   4.35201265E-02   4.59381118E-02   4.59383205E-02   4.59385291E-02  -4.83564427E-03  -2.41782120E-03  -2.41782074E-03  -4.83563961E-03  -5.31918854E-02  -5.31916060E-02  -5.31913303E-02   0.00000000       0.00000000    
   0.00000000       0.00000000       0.00000000       0.00000000       0.00000000       0.00000000       0.00000000       0.00000000       0.00000000       0.00000000       0.00000000       0.00000000       0.00000000       0.00000000       0.00000000       0.00000000       0.00000000       0.00000000       0.00000000       0.00000000       0.00000000       0.00000000       0.00000000    
 Log file closed on 20241125T225053Z                                                                                                                                                                                                                                                
